2023-05-21 22:12:38.422  INFO 9716 --- [restartedMain] HoangLong.MyShoes.MyShoesApplication     : Starting MyShoesApplication using Java 1.8.0_45 on LONG with PID 9716 (C:\Users\lehoa\eclipse-workspace\MyShoes\target\classes started by lehoa in C:\Users\lehoa\eclipse-workspace\MyShoes)
2023-05-21 22:12:38.439  INFO 9716 --- [restartedMain] HoangLong.MyShoes.MyShoesApplication     : No active profile set, falling back to 1 default profile: "default"
2023-05-21 22:12:38.945  INFO 9716 --- [restartedMain] .e.DevToolsPropertyDefaultsPostProcessor : Devtools property defaults active! Set 'spring.devtools.add-properties' to 'false' to disable
2023-05-21 22:12:38.946  INFO 9716 --- [restartedMain] .e.DevToolsPropertyDefaultsPostProcessor : For additional web related logging consider setting the 'logging.level.web' property to 'DEBUG'
2023-05-21 22:12:40.467  INFO 9716 --- [restartedMain] .s.d.r.c.RepositoryConfigurationDelegate : Bootstrapping Spring Data JPA repositories in DEFAULT mode.
2023-05-21 22:12:40.607  INFO 9716 --- [restartedMain] .s.d.r.c.RepositoryConfigurationDelegate : Finished Spring Data repository scanning in 125 ms. Found 9 JPA repository interfaces.
2023-05-21 22:12:42.546  INFO 9716 --- [restartedMain] o.s.b.w.embedded.tomcat.TomcatWebServer  : Tomcat initialized with port(s): 8082 (http)
2023-05-21 22:12:42.571  INFO 9716 --- [restartedMain] o.apache.catalina.core.StandardService   : Starting service [Tomcat]
2023-05-21 22:12:42.572  INFO 9716 --- [restartedMain] org.apache.catalina.core.StandardEngine  : Starting Servlet engine: [Apache Tomcat/9.0.74]
2023-05-21 22:12:42.753  INFO 9716 --- [restartedMain] o.a.c.c.C.[Tomcat].[localhost].[/]       : Initializing Spring embedded WebApplicationContext
2023-05-21 22:12:42.754  INFO 9716 --- [restartedMain] w.s.c.ServletWebServerApplicationContext : Root WebApplicationContext: initialization completed in 3806 ms
2023-05-21 22:12:43.017  INFO 9716 --- [restartedMain] com.zaxxer.hikari.HikariDataSource       : HikariPool-1 - Starting...
2023-05-21 22:12:43.601  INFO 9716 --- [restartedMain] com.zaxxer.hikari.HikariDataSource       : HikariPool-1 - Start completed.
2023-05-21 22:12:43.732  INFO 9716 --- [restartedMain] o.hibernate.jpa.internal.util.LogHelper  : HHH000204: Processing PersistenceUnitInfo [name: default]
2023-05-21 22:12:43.867  INFO 9716 --- [restartedMain] org.hibernate.Version                    : HHH000412: Hibernate ORM core version 5.6.15.Final
2023-05-21 22:12:44.191  INFO 9716 --- [restartedMain] o.hibernate.annotations.common.Version   : HCANN000001: Hibernate Commons Annotations {5.1.2.Final}
2023-05-21 22:12:44.432  INFO 9716 --- [restartedMain] org.hibernate.dialect.Dialect            : HHH000400: Using dialect: org.hibernate.dialect.MySQL8Dialect
2023-05-21 22:12:46.524  INFO 9716 --- [restartedMain] o.h.e.t.j.p.i.JtaPlatformInitiator       : HHH000490: Using JtaPlatform implementation: [org.hibernate.engine.transaction.jta.platform.internal.NoJtaPlatform]
2023-05-21 22:12:46.545  INFO 9716 --- [restartedMain] j.LocalContainerEntityManagerFactoryBean : Initialized JPA EntityManagerFactory for persistence unit 'default'
2023-05-21 22:12:48.317  INFO 9716 --- [restartedMain] o.s.s.web.DefaultSecurityFilterChain     : Will secure any request with [org.springframework.security.web.session.DisableEncodeUrlFilter@59475829, org.springframework.security.web.context.request.async.WebAsyncManagerIntegrationFilter@2cb3e45, org.springframework.security.web.context.SecurityContextPersistenceFilter@14b57e11, org.springframework.security.web.header.HeaderWriterFilter@d62f671, org.springframework.security.web.authentication.logout.LogoutFilter@2060e497, HoangLong.MyShoes.security.JwtTokenFilter@46185cc1, org.springframework.security.web.authentication.www.BasicAuthenticationFilter@79845a6e, org.springframework.security.web.savedrequest.RequestCacheAwareFilter@29ad28d8, org.springframework.security.web.servletapi.SecurityContextHolderAwareRequestFilter@675e730c, org.springframework.security.web.authentication.AnonymousAuthenticationFilter@333ea15d, org.springframework.security.web.session.SessionManagementFilter@33889b0d, org.springframework.security.web.access.ExceptionTranslationFilter@29cc7965, org.springframework.security.web.access.intercept.AuthorizationFilter@35370d5c]
2023-05-21 22:12:48.647  WARN 9716 --- [restartedMain] JpaBaseConfiguration$JpaWebConfiguration : spring.jpa.open-in-view is enabled by default. Therefore, database queries may be performed during view rendering. Explicitly configure spring.jpa.open-in-view to disable this warning
2023-05-21 22:12:50.332  INFO 9716 --- [restartedMain] o.s.b.d.a.OptionalLiveReloadServer       : LiveReload server is running on port 35729
2023-05-21 22:12:50.405  INFO 9716 --- [restartedMain] o.s.b.w.embedded.tomcat.TomcatWebServer  : Tomcat started on port(s): 8082 (http) with context path ''
2023-05-21 22:12:50.433  INFO 9716 --- [restartedMain] HoangLong.MyShoes.MyShoesApplication     : Started MyShoesApplication in 12.69 seconds (JVM running for 13.564)
2023-05-21 22:13:04.541  INFO 9716 --- [http-nio-8082-exec-2] o.a.c.c.C.[Tomcat].[localhost].[/]       : Initializing Spring DispatcherServlet 'dispatcherServlet'
2023-05-21 22:13:04.541  INFO 9716 --- [http-nio-8082-exec-2] o.s.web.servlet.DispatcherServlet        : Initializing Servlet 'dispatcherServlet'
2023-05-21 22:13:04.544  INFO 9716 --- [http-nio-8082-exec-2] o.s.web.servlet.DispatcherServlet        : Completed initialization in 2 ms
